<?xml version="1.0" encoding="UTF-8"?>
<!-- Generated by org.testng.reporters.JUnitXMLReporter -->
<testsuite hostname="Pranav" name="Default test" tests="4" failures="0" timestamp="5 Apr 2015 13:30:04 GMT" time="287.83" errors="0">
  <testcase name="GetURL" time="13.007" classname="IMDB.IMDB.OpenURL"/>
  <testcase name="NavigateInIMDB" time="14.58" classname="IMDB.IMDB.OpenURL"/>
  <testcase name="FetchData" time="260.186" classname="IMDB.IMDB.OpenURL"/>
  <testcase name="CreateFile" time="0.031" classname="IMDB.IMDB.OpenURL"/>
</testsuite> <!-- Default test -->